{"D:\\project\\book-app\\src\\components\\Button\\Button.styles.ts": {"path":"D:\\project\\book-app\\src\\components\\Button\\Button.styles.ts","statementMap":{"0":{"start":{"line":10,"column":15},"end":{"line":26,"column":2}}},"fnMap":{},"branchMap":{},"s":{"0":3},"f":{},"b":{},"_coverageSchema":"1a1c01bbd47fc00a2c39e90264f33305004495a9","hash":"a800fd0fb503a496e68904c1bd0ea5b04d2f6b0e"}
,"D:\\project\\book-app\\src\\components\\Button\\Button.tsx": {"path":"D:\\project\\book-app\\src\\components\\Button\\Button.tsx","statementMap":{"0":{"start":{"line":11,"column":38},"end":{"line":17,"column":1}},"1":{"start":{"line":12,"column":4},"end":{"line":16,"column":5}}},"fnMap":{"0":{"name":"(anonymous_0)","decl":{"start":{"line":11,"column":38},"end":{"line":11,"column":39}},"loc":{"start":{"line":11,"column":49},"end":{"line":17,"column":1}},"line":11}},"branchMap":{},"s":{"0":3,"1":7},"f":{"0":7},"b":{},"_coverageSchema":"1a1c01bbd47fc00a2c39e90264f33305004495a9","hash":"748fb41b5da176bd20a03e24607eb83bc473417c"}
,"D:\\project\\book-app\\src\\components\\Button\\index.ts": {"path":"D:\\project\\book-app\\src\\components\\Button\\index.ts","statementMap":{},"fnMap":{},"branchMap":{},"s":{},"f":{},"b":{},"_coverageSchema":"1a1c01bbd47fc00a2c39e90264f33305004495a9","hash":"f86a7210680f420c69cf7ecae6192eebf05f0824"}
,"D:\\project\\book-app\\src\\components\\CardBook\\CardBook.styles.ts": {"path":"D:\\project\\book-app\\src\\components\\CardBook\\CardBook.styles.ts","statementMap":{"0":{"start":{"line":16,"column":15},"end":{"line":57,"column":2}}},"fnMap":{},"branchMap":{},"s":{"0":4},"f":{},"b":{},"_coverageSchema":"1a1c01bbd47fc00a2c39e90264f33305004495a9","hash":"c2c98b9262c59769c1a689364ecbd86b345ed05f"}
,"D:\\project\\book-app\\src\\components\\CardBook\\CardBook.tsx": {"path":"D:\\project\\book-app\\src\\components\\CardBook\\CardBook.tsx","statementMap":{"0":{"start":{"line":15,"column":48},"end":{"line":24,"column":1}},"1":{"start":{"line":16,"column":4},"end":{"line":23,"column":5}},"2":{"start":{"line":26,"column":37},"end":{"line":39,"column":1}},"3":{"start":{"line":27,"column":4},"end":{"line":38,"column":5}},"4":{"start":{"line":41,"column":42},"end":{"line":52,"column":1}},"5":{"start":{"line":42,"column":4},"end":{"line":51,"column":5}}},"fnMap":{"0":{"name":"(anonymous_0)","decl":{"start":{"line":15,"column":48},"end":{"line":15,"column":49}},"loc":{"start":{"line":15,"column":59},"end":{"line":24,"column":1}},"line":15},"1":{"name":"(anonymous_1)","decl":{"start":{"line":26,"column":37},"end":{"line":26,"column":38}},"loc":{"start":{"line":26,"column":48},"end":{"line":39,"column":1}},"line":26},"2":{"name":"(anonymous_2)","decl":{"start":{"line":41,"column":42},"end":{"line":41,"column":43}},"loc":{"start":{"line":41,"column":68},"end":{"line":52,"column":1}},"line":41}},"branchMap":{"0":{"loc":{"start":{"line":32,"column":13},"end":{"line":36,"column":13}},"type":"binary-expr","locations":[{"start":{"line":32,"column":13},"end":{"line":32,"column":29}},{"start":{"line":33,"column":16},"end":{"line":35,"column":23}}],"line":32}},"s":{"0":4,"1":6,"2":4,"3":6,"4":4,"5":6},"f":{"0":6,"1":6,"2":6},"b":{"0":[6,1]},"_coverageSchema":"1a1c01bbd47fc00a2c39e90264f33305004495a9","hash":"afb2bd29b2342f5c3a38dcf4ed156a6de751b4d1"}
,"D:\\project\\book-app\\src\\components\\CardBook\\index.ts": {"path":"D:\\project\\book-app\\src\\components\\CardBook\\index.ts","statementMap":{},"fnMap":{},"branchMap":{},"s":{},"f":{},"b":{},"_coverageSchema":"1a1c01bbd47fc00a2c39e90264f33305004495a9","hash":"c70586daf57314f4f39ed01ab8ed6c9b6af46b60"}
,"D:\\project\\book-app\\src\\components\\EmptyState\\EmptyState.styles.ts": {"path":"D:\\project\\book-app\\src\\components\\EmptyState\\EmptyState.styles.ts","statementMap":{"0":{"start":{"line":7,"column":15},"end":{"line":14,"column":2}}},"fnMap":{},"branchMap":{},"s":{"0":3},"f":{},"b":{},"_coverageSchema":"1a1c01bbd47fc00a2c39e90264f33305004495a9","hash":"d21eb265ce444c9c2b5d576b513f19710659b71a"}
,"D:\\project\\book-app\\src\\components\\EmptyState\\EmptyState.tsx": {"path":"D:\\project\\book-app\\src\\components\\EmptyState\\EmptyState.tsx","statementMap":{"0":{"start":{"line":10,"column":46},"end":{"line":14,"column":1}},"1":{"start":{"line":11,"column":4},"end":{"line":13,"column":11}}},"fnMap":{"0":{"name":"(anonymous_0)","decl":{"start":{"line":10,"column":46},"end":{"line":10,"column":47}},"loc":{"start":{"line":11,"column":4},"end":{"line":13,"column":11}},"line":11}},"branchMap":{"0":{"loc":{"start":{"line":12,"column":15},"end":{"line":12,"column":48}},"type":"binary-expr","locations":[{"start":{"line":12,"column":15},"end":{"line":12,"column":25}},{"start":{"line":12,"column":29},"end":{"line":12,"column":48}}],"line":12}},"s":{"0":3,"1":6},"f":{"0":6},"b":{"0":[6,5]},"_coverageSchema":"1a1c01bbd47fc00a2c39e90264f33305004495a9","hash":"03e483a4f9e31163869fdbff34afe183353cc4a2"}
,"D:\\project\\book-app\\src\\components\\EmptyState\\index.ts": {"path":"D:\\project\\book-app\\src\\components\\EmptyState\\index.ts","statementMap":{},"fnMap":{},"branchMap":{},"s":{},"f":{},"b":{},"_coverageSchema":"1a1c01bbd47fc00a2c39e90264f33305004495a9","hash":"c8843e189692744a4cdec1a61eba193b8f3fde77"}
,"D:\\project\\book-app\\src\\components\\Header\\Header.styles.ts": {"path":"D:\\project\\book-app\\src\\components\\Header\\Header.styles.ts","statementMap":{"0":{"start":{"line":13,"column":15},"end":{"line":39,"column":2}}},"fnMap":{},"branchMap":{},"s":{"0":3},"f":{},"b":{},"_coverageSchema":"1a1c01bbd47fc00a2c39e90264f33305004495a9","hash":"ea4decff3f480220e61db7790ddde59ee254904e"}
,"D:\\project\\book-app\\src\\components\\Header\\Header.tsx": {"path":"D:\\project\\book-app\\src\\components\\Header\\Header.tsx","statementMap":{"0":{"start":{"line":7,"column":15},"end":{"line":34,"column":1}},"1":{"start":{"line":8,"column":34},"end":{"line":8,"column":55}},"2":{"start":{"line":9,"column":30},"end":{"line":9,"column":48}},"3":{"start":{"line":11,"column":4},"end":{"line":33,"column":5}},"4":{"start":{"line":21,"column":35},"end":{"line":21,"column":51}},"5":{"start":{"line":22,"column":34},"end":{"line":22,"column":51}},"6":{"start":{"line":28,"column":39},"end":{"line":28,"column":51}}},"fnMap":{"0":{"name":"(anonymous_0)","decl":{"start":{"line":7,"column":15},"end":{"line":7,"column":16}},"loc":{"start":{"line":7,"column":21},"end":{"line":34,"column":1}},"line":7},"1":{"name":"(anonymous_1)","decl":{"start":{"line":21,"column":29},"end":{"line":21,"column":30}},"loc":{"start":{"line":21,"column":35},"end":{"line":21,"column":51}},"line":21},"2":{"name":"(anonymous_2)","decl":{"start":{"line":22,"column":28},"end":{"line":22,"column":29}},"loc":{"start":{"line":22,"column":34},"end":{"line":22,"column":51}},"line":22},"3":{"name":"(anonymous_3)","decl":{"start":{"line":28,"column":33},"end":{"line":28,"column":34}},"loc":{"start":{"line":28,"column":39},"end":{"line":28,"column":51}},"line":28}},"branchMap":{"0":{"loc":{"start":{"line":24,"column":17},"end":{"line":30,"column":17}},"type":"binary-expr","locations":[{"start":{"line":24,"column":17},"end":{"line":24,"column":24}},{"start":{"line":25,"column":20},"end":{"line":29,"column":22}}],"line":24}},"s":{"0":3,"1":7,"2":7,"3":7,"4":0,"5":0,"6":0},"f":{"0":7,"1":0,"2":0,"3":0},"b":{"0":[7,0]},"_coverageSchema":"1a1c01bbd47fc00a2c39e90264f33305004495a9","hash":"835ef74e98d314a989063627e817a59ed5898125"}
,"D:\\project\\book-app\\src\\components\\Header\\index.ts": {"path":"D:\\project\\book-app\\src\\components\\Header\\index.ts","statementMap":{},"fnMap":{},"branchMap":{},"s":{},"f":{},"b":{},"_coverageSchema":"1a1c01bbd47fc00a2c39e90264f33305004495a9","hash":"b3926fa337ac5965c0ead5455ed866646bb84618"}
,"D:\\project\\book-app\\src\\components\\Icon\\Icon.tsx": {"path":"D:\\project\\book-app\\src\\components\\Icon\\Icon.tsx","statementMap":{"0":{"start":{"line":12,"column":34},"end":{"line":21,"column":1}},"1":{"start":{"line":13,"column":4},"end":{"line":20,"column":5}}},"fnMap":{"0":{"name":"(anonymous_0)","decl":{"start":{"line":12,"column":34},"end":{"line":12,"column":35}},"loc":{"start":{"line":12,"column":45},"end":{"line":21,"column":1}},"line":12}},"branchMap":{},"s":{"0":4,"1":9},"f":{"0":9},"b":{},"_coverageSchema":"1a1c01bbd47fc00a2c39e90264f33305004495a9","hash":"c5028b51090c38e448a7df4ac9af060ff39728b3"}
,"D:\\project\\book-app\\src\\components\\Icon\\index.ts": {"path":"D:\\project\\book-app\\src\\components\\Icon\\index.ts","statementMap":{},"fnMap":{},"branchMap":{},"s":{},"f":{},"b":{},"_coverageSchema":"1a1c01bbd47fc00a2c39e90264f33305004495a9","hash":"e806e7ce2f338b6a431d843244c5a58c413237fb"}
,"D:\\project\\book-app\\src\\components\\Separator\\Separator.styles.ts": {"path":"D:\\project\\book-app\\src\\components\\Separator\\Separator.styles.ts","statementMap":{"0":{"start":{"line":9,"column":15},"end":{"line":14,"column":2}}},"fnMap":{},"branchMap":{},"s":{"0":3},"f":{},"b":{},"_coverageSchema":"1a1c01bbd47fc00a2c39e90264f33305004495a9","hash":"0ce94fdc3aa54c075a0d1803c73160cf08721b92"}
,"D:\\project\\book-app\\src\\components\\Separator\\Separator.tsx": {"path":"D:\\project\\book-app\\src\\components\\Separator\\Separator.tsx","statementMap":{"0":{"start":{"line":4,"column":18},"end":{"line":6,"column":1}},"1":{"start":{"line":5,"column":4},"end":{"line":5,"column":44}}},"fnMap":{"0":{"name":"(anonymous_0)","decl":{"start":{"line":4,"column":18},"end":{"line":4,"column":19}},"loc":{"start":{"line":4,"column":24},"end":{"line":6,"column":1}},"line":4}},"branchMap":{},"s":{"0":3,"1":1},"f":{"0":1},"b":{},"_coverageSchema":"1a1c01bbd47fc00a2c39e90264f33305004495a9","hash":"4c5b12f30b7ac5631e129e8afc19df023adb3571"}
,"D:\\project\\book-app\\src\\components\\Separator\\index.ts": {"path":"D:\\project\\book-app\\src\\components\\Separator\\index.ts","statementMap":{},"fnMap":{},"branchMap":{},"s":{},"f":{},"b":{},"_coverageSchema":"1a1c01bbd47fc00a2c39e90264f33305004495a9","hash":"7f7b5eee891fa5a58bc9d7b814890afee463100c"}
,"D:\\project\\book-app\\src\\constants\\index.ts": {"path":"D:\\project\\book-app\\src\\constants\\index.ts","statementMap":{},"fnMap":{},"branchMap":{},"s":{},"f":{},"b":{},"_coverageSchema":"1a1c01bbd47fc00a2c39e90264f33305004495a9","hash":"0fd4e731624b1fad69d6ce264c1c4d8cc2a90c2e"}
,"D:\\project\\book-app\\src\\constants\\routes.ts": {"path":"D:\\project\\book-app\\src\\constants\\routes.ts","statementMap":{"0":{"start":{"line":1,"column":15},"end":{"line":6,"column":1}}},"fnMap":{},"branchMap":{},"s":{"0":9},"f":{},"b":{},"_coverageSchema":"1a1c01bbd47fc00a2c39e90264f33305004495a9","hash":"b2c33d986ab83508b272e8c230a3df4caaff543c"}
,"D:\\project\\book-app\\src\\constants\\theme.ts": {"path":"D:\\project\\book-app\\src\\constants\\theme.ts","statementMap":{"0":{"start":{"line":2,"column":26},"end":{"line":2,"column":50}},"1":{"start":{"line":4,"column":22},"end":{"line":13,"column":1}},"2":{"start":{"line":15,"column":21},"end":{"line":23,"column":1}},"3":{"start":{"line":25,"column":17},"end":{"line":25,"column":34}}},"fnMap":{},"branchMap":{},"s":{"0":9,"1":9,"2":9,"3":9},"f":{},"b":{},"_coverageSchema":"1a1c01bbd47fc00a2c39e90264f33305004495a9","hash":"de2ce836920fb0f8f117ff55a297ae4a386e3776"}
,"D:\\project\\book-app\\src\\fixtures\\testData.ts": {"path":"D:\\project\\book-app\\src\\fixtures\\testData.ts","statementMap":{"0":{"start":{"line":1,"column":20},"end":{"line":1,"column":76}}},"fnMap":{},"branchMap":{},"s":{"0":5},"f":{},"b":{},"_coverageSchema":"1a1c01bbd47fc00a2c39e90264f33305004495a9","hash":"166fecae292c3e4c8af92ea8ff36f069351ba810"}
,"D:\\project\\book-app\\src\\hooks\\useFetch.ts": {"path":"D:\\project\\book-app\\src\\hooks\\useFetch.ts","statementMap":{"0":{"start":{"line":9,"column":17},"end":{"line":38,"column":1}},"1":{"start":{"line":13,"column":28},"end":{"line":13,"column":48}},"2":{"start":{"line":14,"column":36},"end":{"line":14,"column":59}},"3":{"start":{"line":15,"column":30},"end":{"line":15,"column":54}},"4":{"start":{"line":17,"column":23},"end":{"line":27,"column":16}},"5":{"start":{"line":18,"column":8},"end":{"line":26,"column":9}},"6":{"start":{"line":19,"column":12},"end":{"line":19,"column":30}},"7":{"start":{"line":20,"column":29},"end":{"line":20,"column":48}},"8":{"start":{"line":21,"column":12},"end":{"line":21,"column":30}},"9":{"start":{"line":23,"column":12},"end":{"line":23,"column":26}},"10":{"start":{"line":25,"column":12},"end":{"line":25,"column":31}},"11":{"start":{"line":29,"column":4},"end":{"line":31,"column":23}},"12":{"start":{"line":30,"column":8},"end":{"line":30,"column":20}},"13":{"start":{"line":33,"column":4},"end":{"line":37,"column":6}}},"fnMap":{"0":{"name":"(anonymous_0)","decl":{"start":{"line":9,"column":17},"end":{"line":9,"column":18}},"loc":{"start":{"line":12,"column":18},"end":{"line":38,"column":1}},"line":12},"1":{"name":"(anonymous_1)","decl":{"start":{"line":17,"column":41},"end":{"line":17,"column":42}},"loc":{"start":{"line":17,"column":68},"end":{"line":27,"column":5}},"line":17},"2":{"name":"(anonymous_2)","decl":{"start":{"line":29,"column":14},"end":{"line":29,"column":15}},"loc":{"start":{"line":29,"column":20},"end":{"line":31,"column":5}},"line":29}},"branchMap":{},"s":{"0":5,"1":16,"2":16,"3":16,"4":16,"5":6,"6":6,"7":6,"8":3,"9":1,"10":4,"11":16,"12":6,"13":16},"f":{"0":16,"1":6,"2":6},"b":{},"_coverageSchema":"1a1c01bbd47fc00a2c39e90264f33305004495a9","hash":"92244080b668b3079bba40ceba072503cd900fb9"}
,"D:\\project\\book-app\\src\\navigations\\AppNavigation.tsx": {"path":"D:\\project\\book-app\\src\\navigations\\AppNavigation.tsx","statementMap":{"0":{"start":{"line":9,"column":14},"end":{"line":9,"column":42}},"1":{"start":{"line":11,"column":14},"end":{"line":17,"column":1}},"2":{"start":{"line":19,"column":32},"end":{"line":42,"column":1}},"3":{"start":{"line":20,"column":4},"end":{"line":41,"column":5}}},"fnMap":{"0":{"name":"(anonymous_0)","decl":{"start":{"line":19,"column":32},"end":{"line":19,"column":33}},"loc":{"start":{"line":19,"column":38},"end":{"line":42,"column":1}},"line":19}},"branchMap":{},"s":{"0":1,"1":1,"2":1,"3":1},"f":{"0":1},"b":{},"_coverageSchema":"1a1c01bbd47fc00a2c39e90264f33305004495a9","hash":"7e3680a1b2fe0e298954a95e7b6e504ac769eaff"}
,"D:\\project\\book-app\\src\\navigations\\TabNavigation.tsx": {"path":"D:\\project\\book-app\\src\\navigations\\TabNavigation.tsx","statementMap":{"0":{"start":{"line":9,"column":12},"end":{"line":9,"column":38}},"1":{"start":{"line":11,"column":32},"end":{"line":39,"column":1}},"2":{"start":{"line":12,"column":4},"end":{"line":38,"column":6}},"3":{"start":{"line":26,"column":51},"end":{"line":26,"column":107}},"4":{"start":{"line":34,"column":51},"end":{"line":34,"column":107}}},"fnMap":{"0":{"name":"(anonymous_0)","decl":{"start":{"line":11,"column":32},"end":{"line":11,"column":33}},"loc":{"start":{"line":11,"column":38},"end":{"line":39,"column":1}},"line":11},"1":{"name":"(anonymous_1)","decl":{"start":{"line":26,"column":32},"end":{"line":26,"column":33}},"loc":{"start":{"line":26,"column":51},"end":{"line":26,"column":107}},"line":26},"2":{"name":"(anonymous_2)","decl":{"start":{"line":34,"column":32},"end":{"line":34,"column":33}},"loc":{"start":{"line":34,"column":51},"end":{"line":34,"column":107}},"line":34}},"branchMap":{},"s":{"0":2,"1":2,"2":2,"3":4,"4":4},"f":{"0":2,"1":4,"2":4},"b":{},"_coverageSchema":"1a1c01bbd47fc00a2c39e90264f33305004495a9","hash":"8b30215d66ed4321948c29e06bc6008e7319de9e"}
,"D:\\project\\book-app\\src\\screens\\BookDetails\\BookDetails.styles.ts": {"path":"D:\\project\\book-app\\src\\screens\\BookDetails\\BookDetails.styles.ts","statementMap":{"0":{"start":{"line":19,"column":15},"end":{"line":73,"column":2}}},"fnMap":{},"branchMap":{},"s":{"0":2},"f":{},"b":{},"_coverageSchema":"1a1c01bbd47fc00a2c39e90264f33305004495a9","hash":"e2a545718daea4064c9d8726f5686753bdd77e7d"}
,"D:\\project\\book-app\\src\\screens\\BookDetails\\BookDetails.tsx": {"path":"D:\\project\\book-app\\src\\screens\\BookDetails\\BookDetails.tsx","statementMap":{"0":{"start":{"line":25,"column":46},"end":{"line":56,"column":1}},"1":{"start":{"line":26,"column":29},"end":{"line":26,"column":45}},"2":{"start":{"line":27,"column":27},"end":{"line":29,"column":5}},"3":{"start":{"line":28,"column":8},"end":{"line":28,"column":39}},"4":{"start":{"line":31,"column":27},"end":{"line":33,"column":5}},"5":{"start":{"line":32,"column":8},"end":{"line":32,"column":40}},"6":{"start":{"line":35,"column":26},"end":{"line":39,"column":5}},"7":{"start":{"line":36,"column":8},"end":{"line":36,"column":34}},"8":{"start":{"line":37,"column":8},"end":{"line":37,"column":25}},"9":{"start":{"line":38,"column":8},"end":{"line":38,"column":29}},"10":{"start":{"line":41,"column":4},"end":{"line":55,"column":6}},"11":{"start":{"line":58,"column":17},"end":{"line":76,"column":2}},"12":{"start":{"line":59,"column":4},"end":{"line":75,"column":17}},"13":{"start":{"line":78,"column":48},"end":{"line":101,"column":1}},"14":{"start":{"line":79,"column":21},"end":{"line":79,"column":34}},"15":{"start":{"line":81,"column":32},"end":{"line":81,"column":37}},"16":{"start":{"line":82,"column":47},"end":{"line":82,"column":59}},"17":{"start":{"line":84,"column":21},"end":{"line":92,"column":5}},"18":{"start":{"line":85,"column":8},"end":{"line":88,"column":11}},"19":{"start":{"line":89,"column":8},"end":{"line":89,"column":33}},"20":{"start":{"line":91,"column":8},"end":{"line":91,"column":71}},"21":{"start":{"line":95,"column":4},"end":{"line":100,"column":6}}},"fnMap":{"0":{"name":"(anonymous_0)","decl":{"start":{"line":25,"column":46},"end":{"line":25,"column":47}},"loc":{"start":{"line":25,"column":57},"end":{"line":56,"column":1}},"line":25},"1":{"name":"(anonymous_1)","decl":{"start":{"line":27,"column":27},"end":{"line":27,"column":28}},"loc":{"start":{"line":27,"column":33},"end":{"line":29,"column":5}},"line":27},"2":{"name":"(anonymous_2)","decl":{"start":{"line":31,"column":27},"end":{"line":31,"column":28}},"loc":{"start":{"line":31,"column":33},"end":{"line":33,"column":5}},"line":31},"3":{"name":"(anonymous_3)","decl":{"start":{"line":35,"column":26},"end":{"line":35,"column":27}},"loc":{"start":{"line":35,"column":42},"end":{"line":39,"column":5}},"line":35},"4":{"name":"(anonymous_4)","decl":{"start":{"line":58,"column":28},"end":{"line":58,"column":29}},"loc":{"start":{"line":59,"column":4},"end":{"line":75,"column":17}},"line":59},"5":{"name":"(anonymous_5)","decl":{"start":{"line":78,"column":48},"end":{"line":78,"column":49}},"loc":{"start":{"line":78,"column":59},"end":{"line":101,"column":1}},"line":78},"6":{"name":"(anonymous_6)","decl":{"start":{"line":84,"column":21},"end":{"line":84,"column":22}},"loc":{"start":{"line":84,"column":37},"end":{"line":92,"column":5}},"line":84}},"branchMap":{},"s":{"0":2,"1":6,"2":6,"3":2,"4":6,"5":1,"6":6,"7":1,"8":1,"9":1,"10":6,"11":2,"12":3,"13":2,"14":3,"15":3,"16":3,"17":3,"18":1,"19":1,"20":1,"21":3},"f":{"0":6,"1":2,"2":1,"3":1,"4":3,"5":3,"6":1},"b":{},"_coverageSchema":"1a1c01bbd47fc00a2c39e90264f33305004495a9","hash":"7c06b7b1d0f62a2be67244b81503506f43fd1e18"}
,"D:\\project\\book-app\\src\\screens\\BookDetails\\index.ts": {"path":"D:\\project\\book-app\\src\\screens\\BookDetails\\index.ts","statementMap":{},"fnMap":{},"branchMap":{},"s":{},"f":{},"b":{},"_coverageSchema":"1a1c01bbd47fc00a2c39e90264f33305004495a9","hash":"6a90a93fc1287cbe16620a799b18fb1562386132"}
,"D:\\project\\book-app\\src\\screens\\BookDetails\\useBookDetails.ts": {"path":"D:\\project\\book-app\\src\\screens\\BookDetails\\useBookDetails.ts","statementMap":{"0":{"start":{"line":14,"column":45},"end":{"line":22,"column":1}},"1":{"start":{"line":15,"column":44},"end":{"line":15,"column":70}},"2":{"start":{"line":16,"column":54},"end":{"line":16,"column":75}},"3":{"start":{"line":18,"column":4},"end":{"line":21,"column":5}}},"fnMap":{"0":{"name":"(anonymous_0)","decl":{"start":{"line":14,"column":45},"end":{"line":14,"column":46}},"loc":{"start":{"line":14,"column":51},"end":{"line":22,"column":1}},"line":14}},"branchMap":{},"s":{"0":3,"1":9,"2":9,"3":9},"f":{"0":9},"b":{},"_coverageSchema":"1a1c01bbd47fc00a2c39e90264f33305004495a9","hash":"3403af09f5de4d31cd70e2b1c53bc55d26b61fed"}
,"D:\\project\\book-app\\src\\screens\\Books\\Books.styles.ts": {"path":"D:\\project\\book-app\\src\\screens\\Books\\Books.styles.ts","statementMap":{"0":{"start":{"line":11,"column":15},"end":{"line":27,"column":2}}},"fnMap":{},"branchMap":{},"s":{"0":3},"f":{},"b":{},"_coverageSchema":"1a1c01bbd47fc00a2c39e90264f33305004495a9","hash":"022ee4ca6aaad6652c3dd5fb27f299533ca0d33f"}
,"D:\\project\\book-app\\src\\screens\\Books\\Books.tsx": {"path":"D:\\project\\book-app\\src\\screens\\Books\\Books.tsx","statementMap":{"0":{"start":{"line":18,"column":36},"end":{"line":56,"column":1}},"1":{"start":{"line":19,"column":31},"end":{"line":19,"column":45}},"2":{"start":{"line":20,"column":20},"end":{"line":20,"column":44}},"3":{"start":{"line":22,"column":23},"end":{"line":26,"column":10}},"4":{"start":{"line":22,"column":57},"end":{"line":26,"column":5}},"5":{"start":{"line":23,"column":8},"end":{"line":25,"column":10}},"6":{"start":{"line":28,"column":25},"end":{"line":30,"column":5}},"7":{"start":{"line":29,"column":8},"end":{"line":29,"column":68}},"8":{"start":{"line":29,"column":52},"end":{"line":29,"column":67}},"9":{"start":{"line":32,"column":4},"end":{"line":55,"column":5}},"10":{"start":{"line":38,"column":20},"end":{"line":44,"column":22}}},"fnMap":{"0":{"name":"(anonymous_0)","decl":{"start":{"line":18,"column":36},"end":{"line":18,"column":37}},"loc":{"start":{"line":18,"column":47},"end":{"line":56,"column":1}},"line":18},"1":{"name":"(anonymous_1)","decl":{"start":{"line":22,"column":41},"end":{"line":22,"column":42}},"loc":{"start":{"line":22,"column":57},"end":{"line":26,"column":5}},"line":22},"2":{"name":"(anonymous_2)","decl":{"start":{"line":22,"column":57},"end":{"line":22,"column":58}},"loc":{"start":{"line":22,"column":63},"end":{"line":26,"column":5}},"line":22},"3":{"name":"(anonymous_3)","decl":{"start":{"line":28,"column":25},"end":{"line":28,"column":26}},"loc":{"start":{"line":28,"column":31},"end":{"line":30,"column":5}},"line":28},"4":{"name":"(anonymous_4)","decl":{"start":{"line":29,"column":27},"end":{"line":29,"column":28}},"loc":{"start":{"line":29,"column":52},"end":{"line":29,"column":67}},"line":29},"5":{"name":"(anonymous_5)","decl":{"start":{"line":37,"column":28},"end":{"line":37,"column":29}},"loc":{"start":{"line":38,"column":20},"end":{"line":44,"column":22}},"line":38}},"branchMap":{"0":{"loc":{"start":{"line":48,"column":39},"end":{"line":48,"column":73}},"type":"binary-expr","locations":[{"start":{"line":48,"column":39},"end":{"line":48,"column":47}},{"start":{"line":48,"column":51},"end":{"line":48,"column":73}}],"line":48},"1":{"loc":{"start":{"line":50,"column":37},"end":{"line":50,"column":90}},"type":"cond-expr","locations":[{"start":{"line":50,"column":47},"end":{"line":50,"column":83}},{"start":{"line":50,"column":86},"end":{"line":50,"column":90}}],"line":50}},"s":{"0":3,"1":8,"2":8,"3":8,"4":3,"5":1,"6":8,"7":1,"8":0,"9":8,"10":3},"f":{"0":8,"1":3,"2":1,"3":1,"4":0,"5":3},"b":{"0":[8,5],"1":[3,5]},"_coverageSchema":"1a1c01bbd47fc00a2c39e90264f33305004495a9","hash":"f34caf3f392cefaeae804866deada1749110e2cf"}
,"D:\\project\\book-app\\src\\screens\\Books\\index.ts": {"path":"D:\\project\\book-app\\src\\screens\\Books\\index.ts","statementMap":{},"fnMap":{},"branchMap":{},"s":{},"f":{},"b":{},"_coverageSchema":"1a1c01bbd47fc00a2c39e90264f33305004495a9","hash":"dcc105eabca2f24da31c523a171f0bbbe3fe8544"}
,"D:\\project\\book-app\\src\\screens\\Books\\useBooksHook.ts": {"path":"D:\\project\\book-app\\src\\screens\\Books\\useBooksHook.ts","statementMap":{"0":{"start":{"line":20,"column":43},"end":{"line":41,"column":1}},"1":{"start":{"line":21,"column":42},"end":{"line":21,"column":59}},"2":{"start":{"line":22,"column":36},"end":{"line":22,"column":67}},"3":{"start":{"line":23,"column":35},"end":{"line":23,"column":76}},"4":{"start":{"line":25,"column":4},"end":{"line":35,"column":27}},"5":{"start":{"line":26,"column":43},"end":{"line":31,"column":17}},"6":{"start":{"line":26,"column":82},"end":{"line":31,"column":9}},"7":{"start":{"line":33,"column":38},"end":{"line":33,"column":69}},"8":{"start":{"line":34,"column":8},"end":{"line":34,"column":29}},"9":{"start":{"line":37,"column":4},"end":{"line":40,"column":5}}},"fnMap":{"0":{"name":"(anonymous_0)","decl":{"start":{"line":20,"column":43},"end":{"line":20,"column":44}},"loc":{"start":{"line":20,"column":49},"end":{"line":41,"column":1}},"line":20},"1":{"name":"(anonymous_1)","decl":{"start":{"line":25,"column":20},"end":{"line":25,"column":21}},"loc":{"start":{"line":25,"column":26},"end":{"line":35,"column":5}},"line":25},"2":{"name":"(anonymous_2)","decl":{"start":{"line":26,"column":66},"end":{"line":26,"column":67}},"loc":{"start":{"line":26,"column":82},"end":{"line":31,"column":9}},"line":26}},"branchMap":{"0":{"loc":{"start":{"line":26,"column":43},"end":{"line":31,"column":17}},"type":"binary-expr","locations":[{"start":{"line":26,"column":43},"end":{"line":31,"column":11}},{"start":{"line":31,"column":15},"end":{"line":31,"column":17}}],"line":26}},"s":{"0":4,"1":9,"2":9,"3":9,"4":9,"5":5,"6":3,"7":5,"8":5,"9":9},"f":{"0":9,"1":5,"2":3},"b":{"0":[5,2]},"_coverageSchema":"1a1c01bbd47fc00a2c39e90264f33305004495a9","hash":"adf4edb5ebc4bf7a9c42925f96aa8cedaf4de1f8"}
,"D:\\project\\book-app\\src\\screens\\History\\History.styles.ts": {"path":"D:\\project\\book-app\\src\\screens\\History\\History.styles.ts","statementMap":{"0":{"start":{"line":11,"column":15},"end":{"line":29,"column":2}}},"fnMap":{},"branchMap":{},"s":{"0":3},"f":{},"b":{},"_coverageSchema":"1a1c01bbd47fc00a2c39e90264f33305004495a9","hash":"7b6169ae68de6e4bc65b9c6921fbd7447f3a0d93"}
,"D:\\project\\book-app\\src\\screens\\History\\History.tsx": {"path":"D:\\project\\book-app\\src\\screens\\History\\History.tsx","statementMap":{"0":{"start":{"line":12,"column":26},"end":{"line":29,"column":1}},"1":{"start":{"line":13,"column":18},"end":{"line":13,"column":59}},"2":{"start":{"line":13,"column":46},"end":{"line":13,"column":58}},"3":{"start":{"line":15,"column":4},"end":{"line":28,"column":6}},"4":{"start":{"line":21,"column":20},"end":{"line":21,"column":47}}},"fnMap":{"0":{"name":"(anonymous_0)","decl":{"start":{"line":12,"column":26},"end":{"line":12,"column":27}},"loc":{"start":{"line":12,"column":32},"end":{"line":29,"column":1}},"line":12},"1":{"name":"(anonymous_1)","decl":{"start":{"line":13,"column":30},"end":{"line":13,"column":31}},"loc":{"start":{"line":13,"column":46},"end":{"line":13,"column":58}},"line":13},"2":{"name":"(anonymous_2)","decl":{"start":{"line":20,"column":28},"end":{"line":20,"column":29}},"loc":{"start":{"line":21,"column":20},"end":{"line":21,"column":47}},"line":21}},"branchMap":{"0":{"loc":{"start":{"line":24,"column":39},"end":{"line":24,"column":81}},"type":"binary-expr","locations":[{"start":{"line":24,"column":39},"end":{"line":24,"column":55}},{"start":{"line":24,"column":59},"end":{"line":24,"column":81}}],"line":24}},"s":{"0":3,"1":2,"2":0,"3":2,"4":1},"f":{"0":2,"1":0,"2":1},"b":{"0":[2,1]},"_coverageSchema":"1a1c01bbd47fc00a2c39e90264f33305004495a9","hash":"06f9845d8ede996373f0d823b37d3c8eb696ed70"}
,"D:\\project\\book-app\\src\\screens\\History\\index.ts": {"path":"D:\\project\\book-app\\src\\screens\\History\\index.ts","statementMap":{},"fnMap":{},"branchMap":{},"s":{},"f":{},"b":{},"_coverageSchema":"1a1c01bbd47fc00a2c39e90264f33305004495a9","hash":"827f36f44edb13ba038241cea44a12a685d54e5f"}
,"D:\\project\\book-app\\src\\services\\api.ts": {"path":"D:\\project\\book-app\\src\\services\\api.ts","statementMap":{"0":{"start":{"line":3,"column":16},"end":{"line":3,"column":64}},"1":{"start":{"line":4,"column":23},"end":{"line":4,"column":25}},"2":{"start":{"line":11,"column":66},"end":{"line":17,"column":1}},"3":{"start":{"line":12,"column":25},"end":{"line":12,"column":37}},"4":{"start":{"line":13,"column":26},"end":{"line":13,"column":57}},"5":{"start":{"line":14,"column":27},"end":{"line":14,"column":60}},"6":{"start":{"line":16,"column":4},"end":{"line":16,"column":66}}},"fnMap":{"0":{"name":"(anonymous_0)","decl":{"start":{"line":11,"column":66},"end":{"line":11,"column":67}},"loc":{"start":{"line":11,"column":78},"end":{"line":17,"column":1}},"line":11}},"branchMap":{"0":{"loc":{"start":{"line":13,"column":26},"end":{"line":13,"column":57}},"type":"binary-expr","locations":[{"start":{"line":13,"column":26},"end":{"line":13,"column":39}},{"start":{"line":13,"column":43},"end":{"line":13,"column":57}}],"line":13},"1":{"loc":{"start":{"line":14,"column":27},"end":{"line":14,"column":60}},"type":"cond-expr","locations":[{"start":{"line":14,"column":38},"end":{"line":14,"column":56}},{"start":{"line":14,"column":59},"end":{"line":14,"column":60}}],"line":14}},"s":{"0":5,"1":5,"2":5,"3":3,"4":3,"5":3,"6":3},"f":{"0":3},"b":{"0":[3,2],"1":[3,0]},"_coverageSchema":"1a1c01bbd47fc00a2c39e90264f33305004495a9","hash":"da51f5201dd4d321efc02efc65300b653c9398dd"}
,"D:\\project\\book-app\\src\\store\\slices\\bookSlice.ts": {"path":"D:\\project\\book-app\\src\\store\\slices\\bookSlice.ts","statementMap":{"0":{"start":{"line":5,"column":29},"end":{"line":5,"column":31}},"1":{"start":{"line":7,"column":25},"end":{"line":15,"column":2}},"2":{"start":{"line":12,"column":11},"end":{"line":12,"column":37}},"3":{"start":{"line":17,"column":23},"end":{"line":17,"column":40}}},"fnMap":{"0":{"name":"(anonymous_0)","decl":{"start":{"line":11,"column":13},"end":{"line":11,"column":14}},"loc":{"start":{"line":11,"column":53},"end":{"line":13,"column":9}},"line":11}},"branchMap":{},"s":{"0":3,"1":3,"2":1,"3":3},"f":{"0":1},"b":{},"_coverageSchema":"1a1c01bbd47fc00a2c39e90264f33305004495a9","hash":"88e4a747bdb1ed8530cd19e1e34a609ad2cf1120"}
,"D:\\project\\book-app\\src\\utils\\function.ts": {"path":"D:\\project\\book-app\\src\\utils\\function.ts","statementMap":{"0":{"start":{"line":1,"column":22},"end":{"line":3,"column":1}},"1":{"start":{"line":5,"column":30},"end":{"line":13,"column":1}},"2":{"start":{"line":15,"column":30},"end":{"line":18,"column":1}},"3":{"start":{"line":16,"column":23},"end":{"line":16,"column":64}},"4":{"start":{"line":17,"column":4},"end":{"line":17,"column":29}},"5":{"start":{"line":20,"column":32},"end":{"line":23,"column":1}},"6":{"start":{"line":21,"column":23},"end":{"line":21,"column":72}},"7":{"start":{"line":22,"column":4},"end":{"line":22,"column":37}}},"fnMap":{"0":{"name":"(anonymous_0)","decl":{"start":{"line":15,"column":30},"end":{"line":15,"column":31}},"loc":{"start":{"line":15,"column":44},"end":{"line":18,"column":1}},"line":15},"1":{"name":"(anonymous_1)","decl":{"start":{"line":20,"column":32},"end":{"line":20,"column":33}},"loc":{"start":{"line":20,"column":46},"end":{"line":23,"column":1}},"line":20}},"branchMap":{},"s":{"0":4,"1":4,"2":4,"3":1,"4":1,"5":4,"6":1,"7":1},"f":{"0":1,"1":1},"b":{},"_coverageSchema":"1a1c01bbd47fc00a2c39e90264f33305004495a9","hash":"42f87df60518940d8f96ebfb5f6b24a6a2dfc167"}
}
