TN:
SF:src\components\Button\Button.styles.ts
FNF:0
FNH:0
DA:10,3
LF:1
LH:1
BRF:0
BRH:0
end_of_record
TN:
SF:src\components\Button\Button.tsx
FN:11,(anonymous_0)
FNF:1
FNH:1
FNDA:7,(anonymous_0)
DA:11,3
DA:12,7
LF:2
LH:2
BRF:0
BRH:0
end_of_record
TN:
SF:src\components\Button\index.ts
FNF:0
FNH:0
LF:0
LH:0
BRF:0
BRH:0
end_of_record
TN:
SF:src\components\CardBook\CardBook.styles.ts
FNF:0
FNH:0
DA:16,4
LF:1
LH:1
BRF:0
BRH:0
end_of_record
TN:
SF:src\components\CardBook\CardBook.tsx
FN:15,(anonymous_0)
FN:26,(anonymous_1)
FN:41,(anonymous_2)
FNF:3
FNH:3
FNDA:6,(anonymous_0)
FNDA:6,(anonymous_1)
FNDA:6,(anonymous_2)
DA:15,4
DA:16,6
DA:26,4
DA:27,6
DA:41,4
DA:42,6
LF:6
LH:6
BRDA:32,0,0,6
BRDA:32,0,1,1
BRF:2
BRH:2
end_of_record
TN:
SF:src\components\CardBook\index.ts
FNF:0
FNH:0
LF:0
LH:0
BRF:0
BRH:0
end_of_record
TN:
SF:src\components\EmptyState\EmptyState.styles.ts
FNF:0
FNH:0
DA:7,3
LF:1
LH:1
BRF:0
BRH:0
end_of_record
TN:
SF:src\components\EmptyState\EmptyState.tsx
FN:10,(anonymous_0)
FNF:1
FNH:1
FNDA:6,(anonymous_0)
DA:10,3
DA:11,6
LF:2
LH:2
BRDA:12,0,0,6
BRDA:12,0,1,5
BRF:2
BRH:2
end_of_record
TN:
SF:src\components\EmptyState\index.ts
FNF:0
FNH:0
LF:0
LH:0
BRF:0
BRH:0
end_of_record
TN:
SF:src\components\Header\Header.styles.ts
FNF:0
FNH:0
DA:13,3
LF:1
LH:1
BRF:0
BRH:0
end_of_record
TN:
SF:src\components\Header\Header.tsx
FN:7,(anonymous_0)
FN:21,(anonymous_1)
FN:22,(anonymous_2)
FN:28,(anonymous_3)
FNF:4
FNH:1
FNDA:7,(anonymous_0)
FNDA:0,(anonymous_1)
FNDA:0,(anonymous_2)
FNDA:0,(anonymous_3)
DA:7,3
DA:8,7
DA:9,7
DA:11,7
DA:21,0
DA:22,0
DA:28,0
LF:7
LH:4
BRDA:24,0,0,7
BRDA:24,0,1,0
BRF:2
BRH:1
end_of_record
TN:
SF:src\components\Header\index.ts
FNF:0
FNH:0
LF:0
LH:0
BRF:0
BRH:0
end_of_record
TN:
SF:src\components\Icon\Icon.tsx
FN:12,(anonymous_0)
FNF:1
FNH:1
FNDA:9,(anonymous_0)
DA:12,4
DA:13,9
LF:2
LH:2
BRF:0
BRH:0
end_of_record
TN:
SF:src\components\Icon\index.ts
FNF:0
FNH:0
LF:0
LH:0
BRF:0
BRH:0
end_of_record
TN:
SF:src\components\Separator\Separator.styles.ts
FNF:0
FNH:0
DA:9,3
LF:1
LH:1
BRF:0
BRH:0
end_of_record
TN:
SF:src\components\Separator\Separator.tsx
FN:4,(anonymous_0)
FNF:1
FNH:1
FNDA:1,(anonymous_0)
DA:4,3
DA:5,1
LF:2
LH:2
BRF:0
BRH:0
end_of_record
TN:
SF:src\components\Separator\index.ts
FNF:0
FNH:0
LF:0
LH:0
BRF:0
BRH:0
end_of_record
TN:
SF:src\constants\index.ts
FNF:0
FNH:0
LF:0
LH:0
BRF:0
BRH:0
end_of_record
TN:
SF:src\constants\routes.ts
FNF:0
FNH:0
DA:1,9
LF:1
LH:1
BRF:0
BRH:0
end_of_record
TN:
SF:src\constants\theme.ts
FNF:0
FNH:0
DA:2,9
DA:4,9
DA:15,9
DA:25,9
LF:4
LH:4
BRF:0
BRH:0
end_of_record
TN:
SF:src\fixtures\testData.ts
FNF:0
FNH:0
DA:1,5
LF:1
LH:1
BRF:0
BRH:0
end_of_record
TN:
SF:src\hooks\useFetch.ts
FN:9,(anonymous_0)
FN:17,(anonymous_1)
FN:29,(anonymous_2)
FNF:3
FNH:3
FNDA:16,(anonymous_0)
FNDA:6,(anonymous_1)
FNDA:6,(anonymous_2)
DA:9,5
DA:13,16
DA:14,16
DA:15,16
DA:17,16
DA:18,6
DA:19,6
DA:20,6
DA:21,3
DA:23,1
DA:25,4
DA:29,16
DA:30,6
DA:33,16
LF:14
LH:14
BRF:0
BRH:0
end_of_record
TN:
SF:src\navigations\AppNavigation.tsx
FN:19,(anonymous_0)
FNF:1
FNH:1
FNDA:1,(anonymous_0)
DA:9,1
DA:11,1
DA:19,1
DA:20,1
LF:4
LH:4
BRF:0
BRH:0
end_of_record
TN:
SF:src\navigations\TabNavigation.tsx
FN:11,(anonymous_0)
FN:26,(anonymous_1)
FN:34,(anonymous_2)
FNF:3
FNH:3
FNDA:2,(anonymous_0)
FNDA:4,(anonymous_1)
FNDA:4,(anonymous_2)
DA:9,2
DA:11,2
DA:12,2
DA:26,4
DA:34,4
LF:5
LH:5
BRF:0
BRH:0
end_of_record
TN:
SF:src\screens\BookDetails\BookDetails.styles.ts
FNF:0
FNH:0
DA:19,2
LF:1
LH:1
BRF:0
BRH:0
end_of_record
TN:
SF:src\screens\BookDetails\BookDetails.tsx
FN:25,(anonymous_0)
FN:27,(anonymous_1)
FN:31,(anonymous_2)
FN:35,(anonymous_3)
FN:58,(anonymous_4)
FN:78,(anonymous_5)
FN:84,(anonymous_6)
FNF:7
FNH:7
FNDA:6,(anonymous_0)
FNDA:2,(anonymous_1)
FNDA:1,(anonymous_2)
FNDA:1,(anonymous_3)
FNDA:3,(anonymous_4)
FNDA:3,(anonymous_5)
FNDA:1,(anonymous_6)
DA:25,2
DA:26,6
DA:27,6
DA:28,2
DA:31,6
DA:32,1
DA:35,6
DA:36,1
DA:37,1
DA:38,1
DA:41,6
DA:58,2
DA:59,3
DA:78,2
DA:79,3
DA:81,3
DA:82,3
DA:84,3
DA:85,1
DA:89,1
DA:91,1
DA:95,3
LF:22
LH:22
BRF:0
BRH:0
end_of_record
TN:
SF:src\screens\BookDetails\index.ts
FNF:0
FNH:0
LF:0
LH:0
BRF:0
BRH:0
end_of_record
TN:
SF:src\screens\BookDetails\useBookDetails.ts
FN:14,(anonymous_0)
FNF:1
FNH:1
FNDA:9,(anonymous_0)
DA:14,3
DA:15,9
DA:16,9
DA:18,9
LF:4
LH:4
BRF:0
BRH:0
end_of_record
TN:
SF:src\screens\Books\Books.styles.ts
FNF:0
FNH:0
DA:11,3
LF:1
LH:1
BRF:0
BRH:0
end_of_record
TN:
SF:src\screens\Books\Books.tsx
FN:18,(anonymous_0)
FN:22,(anonymous_1)
FN:22,(anonymous_2)
FN:28,(anonymous_3)
FN:29,(anonymous_4)
FN:37,(anonymous_5)
FNF:6
FNH:5
FNDA:8,(anonymous_0)
FNDA:3,(anonymous_1)
FNDA:1,(anonymous_2)
FNDA:1,(anonymous_3)
FNDA:0,(anonymous_4)
FNDA:3,(anonymous_5)
DA:18,3
DA:19,8
DA:20,8
DA:22,8
DA:23,1
DA:28,8
DA:29,1
DA:32,8
DA:38,3
LF:9
LH:9
BRDA:48,0,0,8
BRDA:48,0,1,5
BRDA:50,1,0,3
BRDA:50,1,1,5
BRF:4
BRH:4
end_of_record
TN:
SF:src\screens\Books\index.ts
FNF:0
FNH:0
LF:0
LH:0
BRF:0
BRH:0
end_of_record
TN:
SF:src\screens\Books\useBooksHook.ts
FN:20,(anonymous_0)
FN:25,(anonymous_1)
FN:26,(anonymous_2)
FNF:3
FNH:3
FNDA:9,(anonymous_0)
FNDA:5,(anonymous_1)
FNDA:3,(anonymous_2)
DA:20,4
DA:21,9
DA:22,9
DA:23,9
DA:25,9
DA:26,5
DA:33,5
DA:34,5
DA:37,9
LF:9
LH:9
BRDA:26,0,0,5
BRDA:26,0,1,2
BRF:2
BRH:2
end_of_record
TN:
SF:src\screens\History\History.styles.ts
FNF:0
FNH:0
DA:11,3
LF:1
LH:1
BRF:0
BRH:0
end_of_record
TN:
SF:src\screens\History\History.tsx
FN:12,(anonymous_0)
FN:13,(anonymous_1)
FN:20,(anonymous_2)
FNF:3
FNH:2
FNDA:2,(anonymous_0)
FNDA:0,(anonymous_1)
FNDA:1,(anonymous_2)
DA:12,3
DA:13,2
DA:15,2
DA:21,1
LF:4
LH:4
BRDA:24,0,0,2
BRDA:24,0,1,1
BRF:2
BRH:2
end_of_record
TN:
SF:src\screens\History\index.ts
FNF:0
FNH:0
LF:0
LH:0
BRF:0
BRH:0
end_of_record
TN:
SF:src\services\api.ts
FN:11,(anonymous_0)
FNF:1
FNH:1
FNDA:3,(anonymous_0)
DA:3,5
DA:4,5
DA:11,5
DA:12,3
DA:13,3
DA:14,3
DA:16,3
LF:7
LH:7
BRDA:13,0,0,3
BRDA:13,0,1,2
BRDA:14,1,0,3
BRDA:14,1,1,0
BRF:4
BRH:3
end_of_record
TN:
SF:src\store\slices\bookSlice.ts
FN:11,(anonymous_0)
FNF:1
FNH:1
FNDA:1,(anonymous_0)
DA:5,3
DA:7,3
DA:12,1
DA:17,3
LF:4
LH:4
BRF:0
BRH:0
end_of_record
TN:
SF:src\utils\function.ts
FN:15,(anonymous_0)
FN:20,(anonymous_1)
FNF:2
FNH:2
FNDA:1,(anonymous_0)
FNDA:1,(anonymous_1)
DA:1,4
DA:5,4
DA:15,4
DA:16,1
DA:17,1
DA:20,4
DA:21,1
DA:22,1
LF:8
LH:8
BRF:0
BRH:0
end_of_record
